{
  "stats": {
    "suites": 1,
    "tests": 5,
    "passes": 5,
    "pending": 0,
    "failures": 0,
    "start": "2022-06-16T12:15:11.838Z",
    "end": "2022-06-16T12:15:31.100Z",
    "duration": 19262,
    "testsRegistered": 5,
    "passPercent": 100,
    "pendingPercent": 0,
    "other": 0,
    "hasOther": false,
    "skipped": 0,
    "hasSkipped": false
  },
  "results": [
    {
      "uuid": "8df56385-9f71-46b0-9859-77ae14c2134d",
      "title": "",
      "fullFile": "cypress/e2e/HomePage.cy.js",
      "file": "cypress/e2e/HomePage.cy.js",
      "beforeHooks": [],
      "afterHooks": [],
      "tests": [],
      "suites": [
        {
          "uuid": "00638b0a-f3c4-4d6a-9e82-4b880c94bd65",
          "title": "Testing Home page",
          "fullFile": "",
          "file": "",
          "beforeHooks": [],
          "afterHooks": [],
          "tests": [
            {
              "title": "Visit Home Page",
              "fullTitle": "Testing Home page Visit Home Page",
              "timedOut": null,
              "duration": 5278,
              "state": "passed",
              "speed": "medium",
              "pass": true,
              "fail": false,
              "pending": false,
              "context": null,
              "code": "cy.visit('home').url().should('eq', 'https://naveenautomationlabs.com/opencart/index.php?route=common/home').its('navigator.language').should('not.exist');\ncy.contains('Desktops').should('include.text', 'Desktops').should('have.length', 1).should('be.visible').should('have.attr', 'href', \"https://naveenautomationlabs.com/opencart/index.php?route=product/category&path=20\").should('have.attr', 'class', 'dropdown-toggle').should('have.attr', 'data-toggle', 'dropdown');",
              "err": {},
              "uuid": "f4ac8f88-30e7-4914-8436-c1863a0aa77f",
              "parentUUID": "00638b0a-f3c4-4d6a-9e82-4b880c94bd65",
              "isHook": false,
              "skipped": false
            },
            {
              "title": "Search Bar",
              "fullTitle": "Testing Home page Search Bar",
              "timedOut": null,
              "duration": 1352,
              "state": "passed",
              "speed": "fast",
              "pass": true,
              "fail": false,
              "pending": false,
              "context": null,
              "code": "cy.get(\"input[placeholder='Search']\").type('mac{enter}');",
              "err": {},
              "uuid": "1b0a4087-bf56-4868-881c-81cf62d484f9",
              "parentUUID": "00638b0a-f3c4-4d6a-9e82-4b880c94bd65",
              "isHook": false,
              "skipped": false
            },
            {
              "title": "Visiting Register Page",
              "fullTitle": "Testing Home page Visiting Register Page",
              "timedOut": null,
              "duration": 5530,
              "state": "passed",
              "speed": "medium",
              "pass": true,
              "fail": false,
              "pending": false,
              "context": null,
              "code": "// var uuid = () => Cypress._.random(0, 1e6) //random emaiil id\n// var id = uuid()\n// var testname = `${id}@yopmail.com`\nvar chars = 'abcdefghijklmnopqrstuvwxyz1234567890';\nvar id = '';\nvar i = 0;\nwhile (i < 8) {\n  id += chars[Math.floor(Math.random() * chars.length)];\n  i++;\n}\nvar mail = id + '@gmail.com';\nvar digits = Math.floor(Math.random() * 9000000000) + 1000000000; // random ph no\nvar pwd = Math.random().toString(36).slice(2, 10); //random password\ncy.visit(Cypress.env('REGISTER_PAGE_URL')).url().should('eq', 'https://naveenautomationlabs.com/opencart/index.php?route=account/register');\ncy.get('#input-firstname').type(_example.default.first_name);\ncy.get('#input-lastname').type(_example.default.last_name);\ncy.get('#input-email').type(mail);\ncy.get('#input-telephone').type(digits);\ncy.get('#input-password').type(pwd);\ncy.get('#input-confirm').type(pwd);\ncy.get(\"input[value='1'][name='newsletter']\").first().check();\ncy.get(\"input[value='1'][name='agree']\").check();\ncy.get(\"input[value='Continue']\").click();\ncy.contains('Continue').click();",
              "err": {},
              "uuid": "74cdeeff-11ca-4909-a54c-208eaef64636",
              "parentUUID": "00638b0a-f3c4-4d6a-9e82-4b880c94bd65",
              "isHook": false,
              "skipped": false
            },
            {
              "title": "login",
              "fullTitle": "Testing Home page login",
              "timedOut": null,
              "duration": 3195,
              "state": "passed",
              "speed": "fast",
              "pass": true,
              "fail": false,
              "pending": false,
              "context": null,
              "code": "cy.visit(Cypress.env('LOGIN_PAGE_URL')).url().should('eq', 'https://naveenautomationlabs.com/opencart/index.php?route=account/login');\nconst username = Cypress.env('email');\nconst pw = Cypress.env('password');\ncy.get('#input-email').type(username);\ncy.get(\"#input-password\").type(pw);\ncy.get(\"input[value='Login']\").click().should('be.visible');",
              "err": {},
              "uuid": "fc04d664-22d0-4590-9def-5bc14c5ac9be",
              "parentUUID": "00638b0a-f3c4-4d6a-9e82-4b880c94bd65",
              "isHook": false,
              "skipped": false
            },
            {
              "title": "Logging out",
              "fullTitle": "Testing Home page Logging out",
              "timedOut": null,
              "duration": 3766,
              "state": "passed",
              "speed": "fast",
              "pass": true,
              "fail": false,
              "pending": false,
              "context": null,
              "code": "//let url = Cypress.config().baseurl;\ncy.contains('My Account').click().should('be.visible');\ncy.contains('Logout').click();\ncy.contains('Continue').click().url().should('eq', 'https://naveenautomationlabs.com/opencart/index.php?route=common/home');",
              "err": {},
              "uuid": "8640a351-411e-4f6e-944c-434b2902431e",
              "parentUUID": "00638b0a-f3c4-4d6a-9e82-4b880c94bd65",
              "isHook": false,
              "skipped": false
            }
          ],
          "suites": [],
          "passes": [
            "f4ac8f88-30e7-4914-8436-c1863a0aa77f",
            "1b0a4087-bf56-4868-881c-81cf62d484f9",
            "74cdeeff-11ca-4909-a54c-208eaef64636",
            "fc04d664-22d0-4590-9def-5bc14c5ac9be",
            "8640a351-411e-4f6e-944c-434b2902431e"
          ],
          "failures": [],
          "pending": [],
          "skipped": [],
          "duration": 19121,
          "root": false,
          "rootEmpty": false,
          "_timeout": 2000
        }
      ],
      "passes": [],
      "failures": [],
      "pending": [],
      "skipped": [],
      "duration": 0,
      "root": true,
      "rootEmpty": true,
      "_timeout": 2000
    }
  ],
  "meta": {
    "mocha": {
      "version": "7.0.1"
    },
    "mochawesome": {
      "options": {
        "quiet": false,
        "reportFilename": "report",
        "saveHtml": true,
        "saveJson": true,
        "consoleReporter": "spec",
        "useInlineDiffs": false,
        "code": true
      },
      "version": "7.1.3"
    },
    "marge": {
      "options": {
        "charts": true,
        "html": true,
        "json": true,
        "reportDir": "cypress/reports",
        "reportFilename": "report",
        "overwrite": true
      },
      "version": "6.2.0"
    }
  }
}