{
  "stats": {
    "suites": 1,
    "tests": 5,
    "passes": 5,
    "pending": 0,
    "failures": 0,
    "start": "2022-06-17T09:50:30.412Z",
    "end": "2022-06-17T09:50:45.269Z",
    "duration": 14857,
    "testsRegistered": 5,
    "passPercent": 100,
    "pendingPercent": 0,
    "other": 0,
    "hasOther": false,
    "skipped": 0,
    "hasSkipped": false
  },
  "results": [
    {
      "uuid": "99b3dd4e-b872-43a0-9a33-2deb2be62d8a",
      "title": "",
      "fullFile": "cypress/e2e/HomePage.cy.js",
      "file": "cypress/e2e/HomePage.cy.js",
      "beforeHooks": [],
      "afterHooks": [],
      "tests": [],
      "suites": [
        {
          "uuid": "52fef646-0f49-47ed-95f8-eb453e6c2c5b",
          "title": "Testing Home page",
          "fullFile": "",
          "file": "",
          "beforeHooks": [],
          "afterHooks": [],
          "tests": [
            {
              "title": "Visit Home Page",
              "fullTitle": "Testing Home page Visit Home Page",
              "timedOut": null,
              "duration": 3221,
              "state": "passed",
              "speed": "fast",
              "pass": true,
              "fail": false,
              "pending": false,
              "context": null,
              "code": "cy.visit('home').url().should('eq', 'https://naveenautomationlabs.com/opencart/index.php?route=common/home').its('navigator.language').should('not.exist');\ncy.contains('Desktops').should('include.text', 'Desktops').should('have.length', 1).should('be.visible').should('have.attr', 'href', \"https://naveenautomationlabs.com/opencart/index.php?route=product/category&path=20\").should('have.attr', 'class', 'dropdown-toggle').should('have.attr', 'data-toggle', 'dropdown');",
              "err": {},
              "uuid": "1d925109-e7de-4802-9e88-bac0a0f1dc68",
              "parentUUID": "52fef646-0f49-47ed-95f8-eb453e6c2c5b",
              "isHook": false,
              "skipped": false
            },
            {
              "title": "Search Bar",
              "fullTitle": "Testing Home page Search Bar",
              "timedOut": null,
              "duration": 1114,
              "state": "passed",
              "speed": "fast",
              "pass": true,
              "fail": false,
              "pending": false,
              "context": null,
              "code": "cy.get(\"input[placeholder='Search']\").type('mac{enter}');",
              "err": {},
              "uuid": "52c05e2e-bfbf-498a-b431-555dd932b413",
              "parentUUID": "52fef646-0f49-47ed-95f8-eb453e6c2c5b",
              "isHook": false,
              "skipped": false
            },
            {
              "title": "Visiting Register Page",
              "fullTitle": "Testing Home page Visiting Register Page",
              "timedOut": null,
              "duration": 5199,
              "state": "passed",
              "speed": "medium",
              "pass": true,
              "fail": false,
              "pending": false,
              "context": null,
              "code": "// var uuid = () => Cypress._.random(0, 1e6) //random emaiil id\n// var id = uuid()\n// var testname = `${id}@yopmail.com`\nvar chars = 'abcdefghijklmnopqrstuvwxyz1234567890';\nvar id = '';\nvar i = 0;\nwhile (i < 8) {\n  id += chars[Math.floor(Math.random() * chars.length)];\n  i++;\n}\nvar mail = id + '@gmail.com';\nvar digits = Math.floor(Math.random() * 9000000000) + 1000000000; // random ph no\nvar pwd = Math.random().toString(36).slice(2, 10); //random password\ncy.visit(Cypress.env('REGISTER_PAGE_URL')).url().should('eq', 'https://naveenautomationlabs.com/opencart/index.php?route=account/register');\ncy.get('#input-firstname').type(_example.default.first_name);\ncy.get('#input-lastname').type(_example.default.last_name);\ncy.get('#input-email').type(mail);\ncy.get('#input-telephone').type(digits);\ncy.get('#input-password').type(pwd);\ncy.get('#input-confirm').type(pwd);\ncy.get(\"input[value='1'][name='newsletter']\").first().check();\ncy.get(\"input[value='1'][name='agree']\").check();\ncy.get(\"input[value='Continue']\").click();\ncy.contains('Continue').click();",
              "err": {},
              "uuid": "87aa8814-00aa-4a2b-80fb-cf04d772241e",
              "parentUUID": "52fef646-0f49-47ed-95f8-eb453e6c2c5b",
              "isHook": false,
              "skipped": false
            },
            {
              "title": "login",
              "fullTitle": "Testing Home page login",
              "timedOut": null,
              "duration": 2313,
              "state": "passed",
              "speed": "fast",
              "pass": true,
              "fail": false,
              "pending": false,
              "context": null,
              "code": "cy.visit(Cypress.env('LOGIN_PAGE_URL')).url().should('eq', 'https://naveenautomationlabs.com/opencart/index.php?route=account/login');\nconst username = Cypress.env('email');\nconst pw = Cypress.env('password');\ncy.get('#input-email').type(username);\ncy.get(\"#input-password\").type(pw);\ncy.get(\"input[value='Login']\").click().should('be.visible');",
              "err": {},
              "uuid": "a32f2eb8-b098-4155-bc8d-3e889394a6da",
              "parentUUID": "52fef646-0f49-47ed-95f8-eb453e6c2c5b",
              "isHook": false,
              "skipped": false
            },
            {
              "title": "Logging out",
              "fullTitle": "Testing Home page Logging out",
              "timedOut": null,
              "duration": 2925,
              "state": "passed",
              "speed": "fast",
              "pass": true,
              "fail": false,
              "pending": false,
              "context": null,
              "code": "//let url = Cypress.config().baseurl;\ncy.contains('My Account').click().should('be.visible');\ncy.contains('Logout').click();\ncy.contains('Continue').click().url().should('eq', 'https://naveenautomationlabs.com/opencart/index.php?route=common/home');",
              "err": {},
              "uuid": "6bc5e0fb-1b23-4cce-bdd7-432db485befb",
              "parentUUID": "52fef646-0f49-47ed-95f8-eb453e6c2c5b",
              "isHook": false,
              "skipped": false
            }
          ],
          "suites": [],
          "passes": [
            "1d925109-e7de-4802-9e88-bac0a0f1dc68",
            "52c05e2e-bfbf-498a-b431-555dd932b413",
            "87aa8814-00aa-4a2b-80fb-cf04d772241e",
            "a32f2eb8-b098-4155-bc8d-3e889394a6da",
            "6bc5e0fb-1b23-4cce-bdd7-432db485befb"
          ],
          "failures": [],
          "pending": [],
          "skipped": [],
          "duration": 14772,
          "root": false,
          "rootEmpty": false,
          "_timeout": 2000
        }
      ],
      "passes": [],
      "failures": [],
      "pending": [],
      "skipped": [],
      "duration": 0,
      "root": true,
      "rootEmpty": true,
      "_timeout": 2000
    }
  ],
  "meta": {
    "mocha": {
      "version": "7.0.1"
    },
    "mochawesome": {
      "options": {
        "quiet": false,
        "reportFilename": "report",
        "saveHtml": true,
        "saveJson": true,
        "consoleReporter": "spec",
        "useInlineDiffs": false,
        "code": true
      },
      "version": "7.1.3"
    },
    "marge": {
      "options": {
        "charts": true,
        "html": true,
        "json": true,
        "reportDir": "cypress/reports",
        "reportFilename": "report",
        "overwrite": true
      },
      "version": "6.2.0"
    }
  }
}